2024-09-18T07:28:41.034Z  INFO 11104 --- [fitness] [main] ci.ada.fitness.FitnessApplication        : Starting FitnessApplication using Java 17.0.11 with PID 11104 (C:\ATOS\fitness\target\classes started by HP in C:\ATOS\fitness)
2024-09-18T07:28:41.047Z  INFO 11104 --- [fitness] [main] ci.ada.fitness.FitnessApplication        : No active profile set, falling back to 1 default profile: "default"
2024-09-18T07:28:47.564Z  INFO 11104 --- [fitness] [main] .s.d.r.c.RepositoryConfigurationDelegate : Bootstrapping Spring Data JPA repositories in DEFAULT mode.
2024-09-18T07:28:47.707Z  INFO 11104 --- [fitness] [main] .s.d.r.c.RepositoryConfigurationDelegate : Finished Spring Data repository scanning in 131 ms. Found 6 JPA repository interfaces.
2024-09-18T07:28:49.735Z  INFO 11104 --- [fitness] [main] o.s.b.w.embedded.tomcat.TomcatWebServer  : Tomcat initialized with port 8084 (http)
2024-09-18T07:28:49.752Z  INFO 11104 --- [fitness] [main] o.apache.catalina.core.StandardService   : Starting service [Tomcat]
2024-09-18T07:28:49.752Z  INFO 11104 --- [fitness] [main] o.apache.catalina.core.StandardEngine    : Starting Servlet engine: [Apache Tomcat/10.1.28]
2024-09-18T07:28:51.381Z  INFO 11104 --- [fitness] [main] o.a.c.c.C.[Tomcat].[localhost].[/]       : Initializing Spring embedded WebApplicationContext
2024-09-18T07:28:51.382Z  INFO 11104 --- [fitness] [main] w.s.c.ServletWebServerApplicationContext : Root WebApplicationContext: initialization completed in 10243 ms
2024-09-18T07:28:52.935Z  INFO 11104 --- [fitness] [main] o.hibernate.jpa.internal.util.LogHelper  : HHH000204: Processing PersistenceUnitInfo [name: default]
2024-09-18T07:28:53.073Z  INFO 11104 --- [fitness] [main] org.hibernate.Version                    : HHH000412: Hibernate ORM core version 6.5.2.Final
2024-09-18T07:28:53.193Z  INFO 11104 --- [fitness] [main] o.h.c.internal.RegionFactoryInitiator    : HHH000026: Second-level cache disabled
2024-09-18T07:28:54.493Z  INFO 11104 --- [fitness] [main] o.s.o.j.p.SpringPersistenceUnitInfo      : No LoadTimeWeaver setup: ignoring JPA class transformer
2024-09-18T07:28:54.534Z  INFO 11104 --- [fitness] [main] com.zaxxer.hikari.HikariDataSource       : HikariPool-1 - Starting...
2024-09-18T07:28:56.700Z  INFO 11104 --- [fitness] [main] com.zaxxer.hikari.pool.HikariPool        : HikariPool-1 - Added connection com.mysql.cj.jdbc.ConnectionImpl@18bb1b88
2024-09-18T07:28:56.731Z  INFO 11104 --- [fitness] [main] com.zaxxer.hikari.HikariDataSource       : HikariPool-1 - Start completed.
2024-09-18T07:28:57.849Z  WARN 11104 --- [fitness] [main] org.hibernate.dialect.Dialect            : HHH000511: The 5.5.5 version for [org.hibernate.dialect.MySQLDialect] is no longer supported, hence certain features may not work properly. The minimum supported version is 8.0.0. Check the community dialects project for available legacy versions.
2024-09-18T07:29:00.046Z  WARN 11104 --- [fitness] [main] o.h.boot.model.internal.EntityBinder     : HHH000457: Joined inheritance hierarchy [ci.ada.fitness.models.BaseEntity] defined explicit @DiscriminatorColumn.  Legacy Hibernate behavior was to ignore the @DiscriminatorColumn.  However, as part of issue HHH-6911 we now apply the explicit @DiscriminatorColumn.  If you would prefer the legacy behavior, enable the `hibernate.discriminator.ignore_explicit_for_joined` setting (hibernate.discriminator.ignore_explicit_for_joined=true)
2024-09-18T07:29:12.557Z  INFO 11104 --- [fitness] [main] o.h.e.t.j.p.i.JtaPlatformInitiator       : HHH000489: No JTA platform available (set 'hibernate.transaction.jta.platform' to enable JTA platform integration)
2024-09-18T07:30:22.856Z  INFO 11104 --- [fitness] [main] j.LocalContainerEntityManagerFactoryBean : Initialized JPA EntityManagerFactory for persistence unit 'default'
2024-09-18T07:30:26.786Z  WARN 11104 --- [fitness] [main] JpaBaseConfiguration$JpaWebConfiguration : spring.jpa.open-in-view is enabled by default. Therefore, database queries may be performed during view rendering. Explicitly configure spring.jpa.open-in-view to disable this warning
2024-09-18T07:30:29.354Z  WARN 11104 --- [fitness] [main] ion$DefaultTemplateResolverConfiguration : Cannot find template location: classpath:/templates/ (please add some templates, check your Thymeleaf configuration, or set spring.thymeleaf.check-template-location=false)
2024-09-18T07:30:29.968Z  INFO 11104 --- [fitness] [main] o.s.b.w.embedded.tomcat.TomcatWebServer  : Tomcat started on port 8084 (http) with context path '/'
2024-09-18T07:30:29.984Z  INFO 11104 --- [fitness] [main] ci.ada.fitness.FitnessApplication        : Started FitnessApplication in 109.584 seconds (process running for 120.255)
